<?xml version="1.0" encoding="UTF-8"?>
<testsuite xmlns:xsi="http://www.w3.org/2001/XMLSchema-instance" xsi:noNamespaceSchemaLocation="https://maven.apache.org/surefire/maven-surefire-plugin/xsd/surefire-test-report.xsd" name="TestClass" time="1.331" tests="4" errors="0" skipped="0" failures="0">
  <properties>
    <property name="awt.toolkit" value="sun.awt.X11.XToolkit"/>
    <property name="java.specification.version" value="11"/>
    <property name="sun.cpu.isalist" value=""/>
    <property name="sun.jnu.encoding" value="UTF-8"/>
    <property name="java.class.path" value="/home/holzner/Documents/teaching/2020-WS-FormaleSpezifikationVerifikation/Projekt/Projekt1/ProjektPBT/target/test-classes:/home/holzner/Documents/teaching/2020-WS-FormaleSpezifikationVerifikation/Projekt/Projekt1/ProjektPBT/target/classes:/home/holzner/.m2/repository/org/junit/jupiter/junit-jupiter-api/5.6.2/junit-jupiter-api-5.6.2.jar:/home/holzner/.m2/repository/org/apiguardian/apiguardian-api/1.1.0/apiguardian-api-1.1.0.jar:/home/holzner/.m2/repository/org/opentest4j/opentest4j/1.2.0/opentest4j-1.2.0.jar:/home/holzner/.m2/repository/org/junit/platform/junit-platform-commons/1.6.2/junit-platform-commons-1.6.2.jar:/home/holzner/.m2/repository/org/junit/jupiter/junit-jupiter-engine/5.6.2/junit-jupiter-engine-5.6.2.jar:/home/holzner/.m2/repository/org/junit/platform/junit-platform-engine/1.6.2/junit-platform-engine-1.6.2.jar:/home/holzner/.m2/repository/net/jqwik/jqwik/1.2.7/jqwik-1.2.7.jar:/home/holzner/.m2/repository/net/jqwik/jqwik-api/1.2.7/jqwik-api-1.2.7.jar:/home/holzner/.m2/repository/net/jqwik/jqwik-engine/1.2.7/jqwik-engine-1.2.7.jar:/home/holzner/.m2/repository/org/assertj/assertj-core/3.15.0/assertj-core-3.15.0.jar:"/>
    <property name="java.vm.vendor" value="Ubuntu"/>
    <property name="sun.arch.data.model" value="64"/>
    <property name="java.vendor.url" value="https://ubuntu.com/"/>
    <property name="user.timezone" value="Europe/Berlin"/>
    <property name="java.vm.specification.version" value="11"/>
    <property name="os.name" value="Linux"/>
    <property name="sun.java.launcher" value="SUN_STANDARD"/>
    <property name="user.country" value="GB"/>
    <property name="sun.boot.library.path" value="/usr/lib/jvm/java-11-openjdk-amd64/lib"/>
    <property name="sun.java.command" value="/home/holzner/Documents/teaching/2020-WS-FormaleSpezifikationVerifikation/Projekt/Projekt1/ProjektPBT/target/surefire/surefirebooter14204933458864792738.jar /home/holzner/Documents/teaching/2020-WS-FormaleSpezifikationVerifikation/Projekt/Projekt1/ProjektPBT/target/surefire 2020-11-16T13-33-36_095-jvmRun1 surefire5669866450578554352tmp surefire_05126971569934094330tmp"/>
    <property name="jdk.debug" value="release"/>
    <property name="surefire.test.class.path" value="/home/holzner/Documents/teaching/2020-WS-FormaleSpezifikationVerifikation/Projekt/Projekt1/ProjektPBT/target/test-classes:/home/holzner/Documents/teaching/2020-WS-FormaleSpezifikationVerifikation/Projekt/Projekt1/ProjektPBT/target/classes:/home/holzner/.m2/repository/org/junit/jupiter/junit-jupiter-api/5.6.2/junit-jupiter-api-5.6.2.jar:/home/holzner/.m2/repository/org/apiguardian/apiguardian-api/1.1.0/apiguardian-api-1.1.0.jar:/home/holzner/.m2/repository/org/opentest4j/opentest4j/1.2.0/opentest4j-1.2.0.jar:/home/holzner/.m2/repository/org/junit/platform/junit-platform-commons/1.6.2/junit-platform-commons-1.6.2.jar:/home/holzner/.m2/repository/org/junit/jupiter/junit-jupiter-engine/5.6.2/junit-jupiter-engine-5.6.2.jar:/home/holzner/.m2/repository/org/junit/platform/junit-platform-engine/1.6.2/junit-platform-engine-1.6.2.jar:/home/holzner/.m2/repository/net/jqwik/jqwik/1.2.7/jqwik-1.2.7.jar:/home/holzner/.m2/repository/net/jqwik/jqwik-api/1.2.7/jqwik-api-1.2.7.jar:/home/holzner/.m2/repository/net/jqwik/jqwik-engine/1.2.7/jqwik-engine-1.2.7.jar:/home/holzner/.m2/repository/org/assertj/assertj-core/3.15.0/assertj-core-3.15.0.jar:"/>
    <property name="sun.cpu.endian" value="little"/>
    <property name="user.home" value="/home/holzner"/>
    <property name="user.language" value="en"/>
    <property name="java.specification.vendor" value="Oracle Corporation"/>
    <property name="java.version.date" value="2020-11-04"/>
    <property name="java.home" value="/usr/lib/jvm/java-11-openjdk-amd64"/>
    <property name="file.separator" value="/"/>
    <property name="basedir" value="/home/holzner/Documents/teaching/2020-WS-FormaleSpezifikationVerifikation/Projekt/Projekt1/ProjektPBT"/>
    <property name="java.vm.compressedOopsMode" value="Zero based"/>
    <property name="line.separator" value="&#10;"/>
    <property name="java.specification.name" value="Java Platform API Specification"/>
    <property name="java.vm.specification.vendor" value="Oracle Corporation"/>
    <property name="java.awt.graphicsenv" value="sun.awt.X11GraphicsEnvironment"/>
    <property name="surefire.real.class.path" value="/home/holzner/Documents/teaching/2020-WS-FormaleSpezifikationVerifikation/Projekt/Projekt1/ProjektPBT/target/surefire/surefirebooter14204933458864792738.jar"/>
    <property name="sun.management.compiler" value="HotSpot 64-Bit Tiered Compilers"/>
    <property name="java.runtime.version" value="11.0.9.1+1-Ubuntu-0ubuntu1.20.04"/>
    <property name="user.name" value="holzner"/>
    <property name="path.separator" value=":"/>
    <property name="os.version" value="5.4.0-52-generic"/>
    <property name="java.runtime.name" value="OpenJDK Runtime Environment"/>
    <property name="file.encoding" value="UTF-8"/>
    <property name="java.vm.name" value="OpenJDK 64-Bit Server VM"/>
    <property name="localRepository" value="/home/holzner/.m2/repository"/>
    <property name="java.vendor.url.bug" value="https://bugs.launchpad.net/ubuntu/+source/openjdk-lts"/>
    <property name="java.io.tmpdir" value="/tmp"/>
    <property name="java.version" value="11.0.9.1"/>
    <property name="user.dir" value="/home/holzner/Documents/teaching/2020-WS-FormaleSpezifikationVerifikation/Projekt/Projekt1/ProjektPBT"/>
    <property name="os.arch" value="amd64"/>
    <property name="java.vm.specification.name" value="Java Virtual Machine Specification"/>
    <property name="java.awt.printerjob" value="sun.print.PSPrinterJob"/>
    <property name="sun.os.patch.level" value="unknown"/>
    <property name="java.library.path" value="/usr/java/packages/lib:/usr/lib/x86_64-linux-gnu/jni:/lib/x86_64-linux-gnu:/usr/lib/x86_64-linux-gnu:/usr/lib/jni:/lib:/usr/lib"/>
    <property name="java.vm.info" value="mixed mode, sharing"/>
    <property name="java.vendor" value="Ubuntu"/>
    <property name="java.vm.version" value="11.0.9.1+1-Ubuntu-0ubuntu1.20.04"/>
    <property name="sun.io.unicode.encoding" value="UnicodeLittle"/>
    <property name="java.class.version" value="55.0"/>
  </properties>
  <testcase name="divisionWithZeroAllwaysThrowsException" classname="edu.princeton.cs.algs4.TestClass" time="0.686"/>
  <testcase name="assumeFiltersInputsByCondition" classname="edu.princeton.cs.algs4.TestClass" time="0.25"/>
  <testcase name="toArrayContainsAllElements" classname="edu.princeton.cs.algs4.TestClass" time="0.217"/>
  <testcase name="mathAbsReturnsValueGreaterOrEqualToInput" classname="edu.princeton.cs.algs4.TestClass" time="0.169"/>
</testsuite>